<?xml version="1.0" encoding="UTF-8"?>
<!-- Generated by org.testng.reporters.JUnitXMLReporter -->
<testsuite hostname="DESKTOP-K83JH80" ignored="0" name="Default test(failed)" tests="1" failures="1" timestamp="2022-08-20T17:29:33 IST" time="0.05" errors="0">
  <testcase name="loginActiTime" time="0.0" classname="testngpack.Flag8">
    <failure type="org.testng.TestNGException" message="
Parameter &amp;apos;browser&amp;apos; is required by @Test on method loginActiTime but has not been marked @Optional or defined
in C:\Users\Admin\Desktop\WCSA2 Workspace\qspautomation\test-output\testng-failed.xml">
      <![CDATA[org.testng.TestNGException: 
Parameter 'browser' is required by @Test on method loginActiTime but has not been marked @Optional or defined
in C:\Users\Admin\Desktop\WCSA2 Workspace\qspautomation\test-output\testng-failed.xml
at java.util.ArrayList.forEach(Unknown Source)
... Removed 26 stack frames]]>
    </failure>
  </testcase> <!-- loginActiTime -->
</testsuite> <!-- Default test(failed) -->
